<?xml version="1.0" encoding="UTF-8"?>
<!-- Generated by org.testng.reporters.JUnitReportReporter -->
<testsuite hostname="DESKTOP-U9SQ450" failures="0" tests="1" name="Demo.TestScenario1" time="25.955" errors="0" timestamp="2023-09-04T15:21:27 IST" skipped="0">
  <testcase classname="Demo.TestScenario1" name="testSimple" time="25.955"/>
  <system-out/>
</testsuite> <!-- Demo.TestScenario1 -->
