<?xml version="1.0" encoding="UTF-8"?>
<!-- Generated by org.testng.reporters.JUnitReportReporter -->
<testsuite hostname="DESKTOP-U9SQ450" failures="0" tests="1" name="Demo.TestScenario2" time="19.249" errors="0" timestamp="2023-09-04T15:21:27 IST" skipped="0">
  <testcase classname="Demo.TestScenario2" name="testSimple" time="19.249"/>
  <system-out/>
</testsuite> <!-- Demo.TestScenario2 -->
