<?xml version="1.0" encoding="UTF-8"?>
<!-- Generated by org.testng.reporters.JUnitReportReporter -->
<testsuite hostname="DESKTOP-AF7NME8" failures="0" tests="1" name="Demo.Testtodo2" time="22.878" errors="0" timestamp="2023-06-27T16:05:15 IST" skipped="0">
  <testcase classname="Demo.Testtodo2" name="testSimple" time="22.878"/>
  <system-out/>
</testsuite> <!-- Demo.Testtodo2 -->
