<?xml version="1.0" encoding="UTF-8"?>
<!-- Generated by org.testng.reporters.JUnitReportReporter -->
<testsuite hostname="DESKTOP-AF7NME8" failures="0" tests="1" name="Demo.Testtodo" time="8.506" errors="0" timestamp="2023-06-27T16:05:16 IST" skipped="0">
  <testcase classname="Demo.Testtodo" name="testSimple" time="8.506"/>
  <system-out/>
</testsuite> <!-- Demo.Testtodo -->
